<?xml version="1.0" encoding="UTF-8" ?>
<testsuite failures="0" time="2.919" errors="0" skipped="0" tests="9" name="jp.springbook.springroosample.mydata.SampleDataIntegrationTest">
  <properties>
[...]
</properties>
  <testcase time="2.775" classname="jp.springbook.springroosample.mydata.SampleDataIntegrationTest" name="testCountSampleDatas"/>
  <testcase time="0.018" classname="jp.springbook.springroosample.mydata.SampleDataIntegrationTest" name="testFindAllSampleDatas"/>
  <testcase time="0.018" classname="jp.springbook.springroosample.mydata.SampleDataIntegrationTest" name="testFlush"/>
  <testcase time="0.017" classname="jp.springbook.springroosample.mydata.SampleDataIntegrationTest" name="testPersist"/>
  <testcase time="0.002" classname="jp.springbook.springroosample.mydata.SampleDataIntegrationTest" name="testMarkerMethod"/>
  <testcase time="0.023" classname="jp.springbook.springroosample.mydata.SampleDataIntegrationTest" name="testMergeUpdate"/>
  <testcase time="0.022" classname="jp.springbook.springroosample.mydata.SampleDataIntegrationTest" name="testFindSampleDataEntries"/>
  <testcase time="0.026" classname="jp.springbook.springroosample.mydata.SampleDataIntegrationTest" name="testRemove"/>
  <testcase time="0.018" classname="jp.springbook.springroosample.mydata.SampleDataIntegrationTest" name="testFindSampleData"/>
</testsuite>